<?xml version="1.0" encoding="UTF-8"?>
<testng-results ignored="0" total="4" passed="4" failed="0" skipped="0">
  <reporter-output>
  </reporter-output>
  <suite started-at="2025-12-10T11:55:46 IST" name="Default suite" finished-at="2025-12-10T11:57:21 IST" duration-ms="95274">
    <groups>
      <group name="cucumber">
        <method signature="AbstractTestNGCucumberTests.runScenario(io.cucumber.testng.PickleWrapper,io.cucumber.testng.FeatureWrapper)[pri:0, instance:Runner.loginRunner@2002fc1d]" name="runScenario" class="io.cucumber.testng.AbstractTestNGCucumberTests"/>
      </group> <!-- cucumber -->
    </groups>
    <test started-at="2025-12-10T11:55:46 IST" name="Default test" finished-at="2025-12-10T11:57:21 IST" duration-ms="95274">
      <class name="Runner.loginRunner">
        <test-method is-config="true" signature="setUpClass(org.testng.ITestContext)[pri:0, instance:Runner.loginRunner@2002fc1d]" started-at="2025-12-10T11:55:46 IST" name="setUpClass" finished-at="2025-12-10T11:55:47 IST" duration-ms="519" status="PASS">
          <params>
            <param index="0">
              <value>
                <![CDATA[org.testng.TestRunner@18d003cd]]>
              </value>
            </param>
          </params>
          <reporter-output>
          </reporter-output>
        </test-method> <!-- setUpClass -->
        <test-method signature="runScenario(io.cucumber.testng.PickleWrapper,io.cucumber.testng.FeatureWrapper)[pri:0, instance:Runner.loginRunner@2002fc1d]" started-at="2025-12-10T11:55:47 IST" name="runScenario" description="Runs Cucumber Scenarios" data-provider="scenarios" finished-at="2025-12-10T11:56:15 IST" duration-ms="28419" status="PASS">
          <params>
            <param index="0">
              <value>
                <![CDATA["verify the title and product page of Amazon."]]>
              </value>
            </param>
            <param index="1">
              <value>
                <![CDATA["Asserting the titile and product page"]]>
              </value>
            </param>
          </params>
          <reporter-output>
          </reporter-output>
        </test-method> <!-- runScenario -->
        <test-method signature="runScenario(io.cucumber.testng.PickleWrapper,io.cucumber.testng.FeatureWrapper)[pri:0, instance:Runner.loginRunner@2002fc1d]" started-at="2025-12-10T11:56:15 IST" name="runScenario" description="Runs Cucumber Scenarios" data-provider="scenarios" finished-at="2025-12-10T11:56:39 IST" duration-ms="23817" status="PASS">
          <params>
            <param index="0">
              <value>
                <![CDATA["verify the search with different values"]]>
              </value>
            </param>
            <param index="1">
              <value>
                <![CDATA["Validating the search options"]]>
              </value>
            </param>
          </params>
          <reporter-output>
          </reporter-output>
        </test-method> <!-- runScenario -->
        <test-method signature="runScenario(io.cucumber.testng.PickleWrapper,io.cucumber.testng.FeatureWrapper)[pri:0, instance:Runner.loginRunner@2002fc1d]" started-at="2025-12-10T11:56:39 IST" name="runScenario" description="Runs Cucumber Scenarios" data-provider="scenarios" finished-at="2025-12-10T11:56:59 IST" duration-ms="19640" status="PASS">
          <params>
            <param index="0">
              <value>
                <![CDATA["verify the search with different values"]]>
              </value>
            </param>
            <param index="1">
              <value>
                <![CDATA["Validating the search options"]]>
              </value>
            </param>
          </params>
          <reporter-output>
          </reporter-output>
        </test-method> <!-- runScenario -->
        <test-method signature="runScenario(io.cucumber.testng.PickleWrapper,io.cucumber.testng.FeatureWrapper)[pri:0, instance:Runner.loginRunner@2002fc1d]" started-at="2025-12-10T11:56:59 IST" name="runScenario" description="Runs Cucumber Scenarios" data-provider="scenarios" finished-at="2025-12-10T11:57:21 IST" duration-ms="22548" status="PASS">
          <params>
            <param index="0">
              <value>
                <![CDATA["verify the search with different values"]]>
              </value>
            </param>
            <param index="1">
              <value>
                <![CDATA["Validating the search options"]]>
              </value>
            </param>
          </params>
          <reporter-output>
          </reporter-output>
        </test-method> <!-- runScenario -->
        <test-method is-config="true" signature="tearDownClass()[pri:0, instance:Runner.loginRunner@2002fc1d]" started-at="2025-12-10T11:57:21 IST" name="tearDownClass" finished-at="2025-12-10T11:57:21 IST" duration-ms="47" status="PASS">
          <reporter-output>
          </reporter-output>
        </test-method> <!-- tearDownClass -->
      </class> <!-- Runner.loginRunner -->
    </test> <!-- Default test -->
  </suite> <!-- Default suite -->
</testng-results>
