<?xml version="1.0" encoding="UTF-8"?>
<!-- Generated by org.testng.reporters.JUnitReportReporter -->
<testsuite hostname="WKSPUN05GTR1616" failures="1" tests="4" name="Runner.loginRunner" time="137.550" errors="0" timestamp="2025-12-09T10:50:41 IST" skipped="0">
  <testcase classname="Runner.loginRunner" name="runScenario" time="46.065"/>
  <testcase classname="Runner.loginRunner" name="runScenario" time="17.865">
    <failure message="expected [iQOO 15 (Legend, 16GB RAM, 512GB Storage) | Fastest Snapdragon 8 Elite Gen 5 Processor* | Origin OS 6 - Out of The Box* | Samsung 2K M14 Lead OLED Display - First time Ever in Android] but found [OnePlus Nord CE5 | Massive 7100mAh Battery | MediaTek Dimensity 8350 Apex | Powered by OnePlus AI | 8GB + 256GB | Black Infinity]" type="java.lang.AssertionError">
      <![CDATA[java.lang.AssertionError: expected [iQOO 15 (Legend, 16GB RAM, 512GB Storage) | Fastest Snapdragon 8 Elite Gen 5 Processor* | Origin OS 6 - Out of The Box* | Samsung 2K M14 Lead OLED Display - First time Ever in Android] but found [OnePlus Nord CE5 | Massive 7100mAh Battery | MediaTek Dimensity 8350 Apex | Powered by OnePlus AI | 8GB + 256GB | Black Infinity]
at org.testng.Assert.fail(Assert.java:111)
at org.testng.Assert.failNotEquals(Assert.java:1590)
at org.testng.Assert.assertEqualsImpl(Assert.java:150)
at org.testng.Assert.assertEquals(Assert.java:132)
at org.testng.Assert.assertEquals(Assert.java:656)
at org.testng.Assert.assertEquals(Assert.java:666)
at stepdef.product_check.check_the_producr_name(product_check.java:52)
at âœ½.Check the producr name.(file:///C:/Users/gopinath.s2/eclipse-workspace/Amazon_Project/Resources/Features/checkproduct.feature:9)
]]>
    </failure>
  </testcase> <!-- runScenario -->
  <testcase classname="Runner.loginRunner" name="runScenario" time="41.429"/>
  <testcase classname="Runner.loginRunner" name="runScenario" time="32.191"/>
</testsuite> <!-- Runner.loginRunner -->
