<?xml version="1.0" encoding="UTF-8"?>
<!-- Generated by org.testng.reporters.JUnitReportReporter -->
<testsuite hostname="WKSPUN05GTR1616" failures="0" tests="4" name="Runner.loginRunner" time="94.424" errors="0" timestamp="2025-12-10T11:57:22 IST" skipped="0">
  <testcase classname="Runner.loginRunner" name="runScenario" time="19.640"/>
  <testcase classname="Runner.loginRunner" name="runScenario" time="22.548"/>
  <testcase classname="Runner.loginRunner" name="runScenario" time="28.419"/>
  <testcase classname="Runner.loginRunner" name="runScenario" time="23.817"/>
</testsuite> <!-- Runner.loginRunner -->
